           Time    Speed        Read     Read   Mapped   Mapped   Mapped   Mapped Unmapped Unmapped Unmapped Unmapped
                    M/hr      number   length   unique   length   MMrate    multi   multi+       MM    short    other
Mar 10 09:19:52      7.1      154125       79    85.7%     79.1     1.3%     1.7%     0.0%     0.0%    11.8%     0.7%
Mar 10 09:21:34      9.2      459659       79    85.9%     79.2     1.2%     1.7%     0.0%     0.0%    11.6%     0.7%
Mar 10 09:23:22      9.6      764893       79    86.0%     79.2     1.2%     1.7%     0.0%     0.0%    11.6%     0.7%
Mar 10 09:25:04      9.9     1069776       79    85.9%     79.2     1.2%     1.7%     0.0%     0.0%    11.6%     0.7%
Mar 10 09:26:52      9.9     1373485       79    86.0%     79.2     1.2%     1.7%     0.0%     0.0%    11.6%     0.7%
Mar 10 09:28:33     10.1     1677174       79    86.0%     79.2     1.2%     1.7%     0.0%     0.0%    11.6%     0.7%
Mar 10 09:29:35     10.0     1829052       79    86.0%     79.2     1.2%     1.7%     0.0%     0.0%    11.6%     0.7%
Mar 10 09:31:19     10.0     2132143       79    85.9%     79.2     1.2%     1.7%     0.0%     0.0%    11.7%     0.7%
Mar 10 09:33:00     10.1     2434279       79    86.0%     79.2     1.2%     1.7%     0.0%     0.0%    11.6%     0.7%
Mar 10 09:34:46     10.1     2736445       79    85.9%     79.2     1.2%     1.7%     0.0%     0.0%    11.7%     0.7%
Mar 10 09:36:31     10.2     3038608       79    85.9%     79.2     1.2%     1.7%     0.0%     0.0%    11.7%     0.7%
Mar 10 09:38:13     10.2     3340765       79    85.9%     79.2     1.2%     1.7%     0.0%     0.0%    11.7%     0.7%
Mar 10 09:40:00     10.2     3642945       79    85.9%     79.2     1.2%     1.7%     0.0%     0.0%    11.7%     0.7%
Mar 10 09:41:46     10.2     3945085       79    85.9%     79.2     1.2%     1.7%     0.0%     0.0%    11.7%     0.7%
Mar 10 09:43:27     10.2     4247252       79    85.9%     79.2     1.2%     1.7%     0.0%     0.0%    11.7%     0.7%
Mar 10 09:45:07     10.3     4549413       79    86.0%     79.2     1.2%     1.7%     0.0%     0.0%    11.6%     0.7%
Mar 10 09:46:48     10.3     4851543       79    86.0%     79.2     1.2%     1.7%     0.0%     0.0%    11.6%     0.7%
Mar 10 09:48:31     10.3     5153717       79    86.0%     79.2     1.2%     1.7%     0.0%     0.0%    11.6%     0.7%
Mar 10 09:50:25     10.3     5455859       79    85.9%     79.2     1.2%     1.7%     0.0%     0.0%    11.7%     0.7%
Mar 10 09:52:05     10.3     5758021       79    86.0%     79.2     1.2%     1.7%     0.0%     0.0%    11.6%     0.7%
Mar 10 09:53:05     10.3     5909096       79    85.9%     79.2     1.2%     1.7%     0.0%     0.0%    11.7%     0.7%
Mar 10 09:54:56     10.2     6211248       79    85.9%     79.2     1.3%     1.7%     0.0%     0.0%    11.6%     0.7%
Mar 10 09:56:42     10.2     6513406       79    85.9%     79.2     1.3%     1.7%     0.0%     0.0%    11.7%     0.7%
Mar 10 09:58:22     10.3     6815597       79    86.0%     79.2     1.3%     1.7%     0.0%     0.0%    11.6%     0.7%
Mar 10 10:00:15     10.2     7117771       79    86.0%     79.2     1.3%     1.7%     0.0%     0.0%    11.6%     0.7%
Mar 10 10:01:55     10.3     7419890       79    86.0%     79.2     1.3%     1.7%     0.0%     0.0%    11.6%     0.7%
Mar 10 10:03:33     10.3     7722039       79    86.0%     79.2     1.3%     1.7%     0.0%     0.0%    11.6%     0.7%
Mar 10 10:05:14     10.3     8024185       79    86.0%     79.2     1.3%     1.7%     0.0%     0.0%    11.6%     0.7%
Mar 10 10:06:59     10.3     8326387       79    86.0%     79.2     1.3%     1.7%     0.0%     0.0%    11.6%     0.7%
Mar 10 10:08:41     10.3     8628535       79    86.0%     79.2     1.3%     1.7%     0.0%     0.0%    11.6%     0.7%
Mar 10 10:10:27     10.3     8930684       79    86.0%     79.2     1.3%     1.7%     0.0%     0.0%    11.6%     0.7%
Mar 10 10:12:13     10.3     9232794       79    86.0%     79.2     1.2%     1.7%     0.0%     0.0%    11.6%     0.7%
Mar 10 10:13:55     10.3     9534946       79    86.0%     79.2     1.2%     1.7%     0.0%     0.0%    11.6%     0.7%
Mar 10 10:15:35     10.4     9837123       79    86.0%     79.2     1.2%     1.7%     0.0%     0.0%    11.6%     0.7%
Mar 10 10:17:16     10.4    10138574       79    86.0%     79.2     1.2%     1.7%     0.0%     0.0%    11.6%     0.7%
Mar 10 10:19:01     10.4    10439210       79    86.0%     79.2     1.2%     1.7%     0.0%     0.0%    11.6%     0.7%
Mar 10 10:20:49     10.4    10739814       79    86.0%     79.2     1.2%     1.7%     0.0%     0.0%    11.6%     0.7%
Mar 10 10:22:27     10.4    11040440       79    86.0%     79.2     1.2%     1.7%     0.0%     0.0%    11.6%     0.7%
Mar 10 10:24:19     10.3    11341084       79    86.0%     79.2     1.2%     1.7%     0.0%     0.0%    11.6%     0.7%
Mar 10 10:26:05     10.3    11641724       79    86.0%     79.2     1.2%     1.7%     0.0%     0.0%    11.6%     0.7%
Mar 10 10:27:44     10.4    11942366       79    86.0%     79.2     1.2%     1.7%     0.0%     0.0%    11.6%     0.7%
Mar 10 10:28:45     10.3    12092684       79    86.0%     79.2     1.3%     1.7%     0.0%     0.0%    11.6%     0.7%
Mar 10 10:30:32     10.3    12393285       79    86.0%     79.2     1.3%     1.7%     0.0%     0.0%    11.6%     0.7%
Mar 10 10:32:14     10.3    12693912       79    86.0%     79.2     1.3%     1.7%     0.0%     0.0%    11.6%     0.7%
ALL DONE!
