STAR version=2.7.10b
STAR compilation time,server,dir=2024-03-10T07:45:45+00:00 fa8109a98804:/content/STAR-2.7.10b/source
STAR git: 
##### Command Line:
STAR --runMode alignReads --genomeDir ./star_genome/ --quantMode GeneCounts --outFileNamePrefix CourseProject --sjdbGTFfile sequence.gtf --readFilesIn SRR12905311.fastq
##### Initial USER parameters from Command Line:
outFileNamePrefix                 CourseProject
###### All USER parameters from Command Line:
runMode                       alignReads        ~RE-DEFINED
genomeDir                     ./star_genome/     ~RE-DEFINED
quantMode                     GeneCounts        ~RE-DEFINED
outFileNamePrefix             CourseProject     ~RE-DEFINED
sjdbGTFfile                   sequence.gtf     ~RE-DEFINED
readFilesIn                   SRR12905311.fastq        ~RE-DEFINED
##### Finished reading parameters from all sources

##### Final user re-defined parameters-----------------:
runMode                           alignReads   
genomeDir                         ./star_genome/
readFilesIn                       SRR12905311.fastq   
outFileNamePrefix                 CourseProject
sjdbGTFfile                       sequence.gtf
quantMode                         GeneCounts   

-------------------------------
##### Final effective command line:
STAR   --runMode alignReads      --genomeDir ./star_genome/   --readFilesIn SRR12905311.fastq      --outFileNamePrefix CourseProject   --sjdbGTFfile sequence.gtf   --quantMode GeneCounts   
----------------------------------------

Number of fastq files for each mate = 1
ParametersSolo: --soloCellFilterType CellRanger2.2 filtering parameters:  3000 0.99 10
Finished loading and checking parameters
Reading genome generation parameters:
### STAR   --runMode genomeGenerate      --genomeDir ./star_genome/   --genomeFastaFiles Pseudomonas_aeruginosa.fa   
### GstrandBit=32
versionGenome                 2.7.4a     ~RE-DEFINED
genomeType                    Full     ~RE-DEFINED
genomeFastaFiles              Pseudomonas_aeruginosa.fa        ~RE-DEFINED
genomeSAindexNbases           14     ~RE-DEFINED
genomeChrBinNbits             18     ~RE-DEFINED
genomeSAsparseD               1     ~RE-DEFINED
genomeTransformType           None     ~RE-DEFINED
genomeTransformVCF            -     ~RE-DEFINED
sjdbOverhang                  0     ~RE-DEFINED
sjdbFileChrStartEnd           -        ~RE-DEFINED
sjdbGTFfile                   -     ~RE-DEFINED
sjdbGTFchrPrefix              -     ~RE-DEFINED
sjdbGTFfeatureExon            exon     ~RE-DEFINED
sjdbGTFtagExonParentTranscripttranscript_id     ~RE-DEFINED
sjdbGTFtagExonParentGene      gene_id     ~RE-DEFINED
sjdbInsertSave                Basic     ~RE-DEFINED
genomeFileSizes               6291456   51681336        ~RE-DEFINED
Genome version is compatible with current STAR
Number of real (reference) chromosomes= 1
1	AE004091.2	6264404	0
Started loading the genome: Sun Mar 10 09:18:29 2024

Genome: size given as a parameter = 6291456
SA: size given as a parameter = 51681336
SAindex: size given as a parameter = 1
Read from SAindex: pGe.gSAindexNbases=14  nSAi=357913940
nGenome=6291456;  nSAbyte=51681336
GstrandBit=32   SA number of indices=12528808
Shared memory is not used for genomes. Allocated a private copy of the genome.
Genome file size: 6291456 bytes; state: good=1 eof=0 fail=0 bad=0
Loading Genome ... done! state: good=1 eof=0 fail=0 bad=0; loaded 6291456 bytes
SA file size: 51681336 bytes; state: good=1 eof=0 fail=0 bad=0
Loading SA ... done! state: good=1 eof=0 fail=0 bad=0; loaded 51681336 bytes
Loading SAindex ... done: 1565873619 bytes
Finished loading the genome: Sun Mar 10 09:18:34 2024

alignIntronMax=alignMatesGapMax=0, the max intron size will be approximately determined by (2^winBinNbits)*winAnchorDistNbins=589824
Mar 10 09:18:34 ..... processing annotations GTF
Processing pGe.sjdbGTFfile=sequence.gtf, found:
		106 transcripts
		106 exons (non-collapsed)
		0 collapsed junctions
Total junctions: 0
Mar 10 09:18:34 ..... finished GTF processing

Mar 10 09:18:34   Finished preparing junctions
Mar 10 09:18:34 ..... finished inserting junctions into genome
Thread #0 end of input stream, nextChar=-1
Completed: thread #0
Mar 10 10:32:33 ..... finished mapping
RAM after mapping:
VmPeak:	 3564636 kB; VmSize:	 3561124 kB; VmHWM:	 1742872 kB; VmRSS:	 1739448 kB; 
RAM after freeing genome index memory:
VmPeak:	 3564636 kB; VmSize:	  159656 kB; VmHWM:	 1742872 kB; VmRSS:	  153960 kB; 
ALL DONE!
