                                 Started job on |	Mar 10 09:18:29
                             Started mapping on |	Mar 10 09:18:34
                                    Finished on |	Mar 10 10:32:34
       Mapping speed, Million of reads per hour |	10.33

                          Number of input reads |	12742882
                      Average input read length |	79
                                    UNIQUE READS:
                   Uniquely mapped reads number |	10960535
                        Uniquely mapped reads % |	86.01%
                          Average mapped length |	79.15
                       Number of splices: Total |	19181
            Number of splices: Annotated (sjdb) |	0
                       Number of splices: GT/AG |	12251
                       Number of splices: GC/AG |	1512
                       Number of splices: AT/AC |	9
               Number of splices: Non-canonical |	5409
                      Mismatch rate per base, % |	1.26%
                         Deletion rate per base |	0.01%
                        Deletion average length |	1.60
                        Insertion rate per base |	0.00%
                       Insertion average length |	1.47
                             MULTI-MAPPING READS:
        Number of reads mapped to multiple loci |	214523
             % of reads mapped to multiple loci |	1.68%
        Number of reads mapped to too many loci |	753
             % of reads mapped to too many loci |	0.01%
                                  UNMAPPED READS:
  Number of reads unmapped: too many mismatches |	0
       % of reads unmapped: too many mismatches |	0.00%
            Number of reads unmapped: too short |	1478924
                 % of reads unmapped: too short |	11.61%
                Number of reads unmapped: other |	88147
                     % of reads unmapped: other |	0.69%
                                  CHIMERIC READS:
                       Number of chimeric reads |	0
                            % of chimeric reads |	0.00%
